<?xml version="1.0" encoding="UTF-8"?>
<testsuite xmlns:xsi="http://www.w3.org/2001/XMLSchema-instance" xsi:noNamespaceSchemaLocation="https://maven.apache.org/surefire/maven-surefire-plugin/xsd/surefire-test-report.xsd" name="com.importexport.demo.DemoApplicationTests" time="5.196" tests="1" errors="0" skipped="0" failures="0">
  <properties>
    <property name="java.specification.version" value="13"/>
    <property name="sun.cpu.isalist" value="amd64"/>
    <property name="sun.jnu.encoding" value="Cp1252"/>
    <property name="java.class.path" value="C:\Users\pjaya\Dev\create_pdf\target\test-classes;C:\Users\pjaya\Dev\create_pdf\target\classes;C:\Users\pjaya\.m2\repository\org\springframework\boot\spring-boot-starter-web\2.4.1\spring-boot-starter-web-2.4.1.jar;C:\Users\pjaya\.m2\repository\org\springframework\boot\spring-boot-starter\2.4.1\spring-boot-starter-2.4.1.jar;C:\Users\pjaya\.m2\repository\org\springframework\boot\spring-boot\2.4.1\spring-boot-2.4.1.jar;C:\Users\pjaya\.m2\repository\org\springframework\boot\spring-boot-autoconfigure\2.4.1\spring-boot-autoconfigure-2.4.1.jar;C:\Users\pjaya\.m2\repository\org\springframework\boot\spring-boot-starter-logging\2.4.1\spring-boot-starter-logging-2.4.1.jar;C:\Users\pjaya\.m2\repository\ch\qos\logback\logback-classic\1.2.3\logback-classic-1.2.3.jar;C:\Users\pjaya\.m2\repository\ch\qos\logback\logback-core\1.2.3\logback-core-1.2.3.jar;C:\Users\pjaya\.m2\repository\org\apache\logging\log4j\log4j-to-slf4j\2.13.3\log4j-to-slf4j-2.13.3.jar;C:\Users\pjaya\.m2\repository\org\apache\logging\log4j\log4j-api\2.13.3\log4j-api-2.13.3.jar;C:\Users\pjaya\.m2\repository\org\slf4j\jul-to-slf4j\1.7.30\jul-to-slf4j-1.7.30.jar;C:\Users\pjaya\.m2\repository\jakarta\annotation\jakarta.annotation-api\1.3.5\jakarta.annotation-api-1.3.5.jar;C:\Users\pjaya\.m2\repository\org\yaml\snakeyaml\1.27\snakeyaml-1.27.jar;C:\Users\pjaya\.m2\repository\org\springframework\boot\spring-boot-starter-json\2.4.1\spring-boot-starter-json-2.4.1.jar;C:\Users\pjaya\.m2\repository\com\fasterxml\jackson\core\jackson-databind\2.11.3\jackson-databind-2.11.3.jar;C:\Users\pjaya\.m2\repository\com\fasterxml\jackson\core\jackson-annotations\2.11.3\jackson-annotations-2.11.3.jar;C:\Users\pjaya\.m2\repository\com\fasterxml\jackson\core\jackson-core\2.11.3\jackson-core-2.11.3.jar;C:\Users\pjaya\.m2\repository\com\fasterxml\jackson\datatype\jackson-datatype-jdk8\2.11.3\jackson-datatype-jdk8-2.11.3.jar;C:\Users\pjaya\.m2\repository\com\fasterxml\jackson\datatype\jackson-datatype-jsr310\2.11.3\jackson-datatype-jsr310-2.11.3.jar;C:\Users\pjaya\.m2\repository\com\fasterxml\jackson\module\jackson-module-parameter-names\2.11.3\jackson-module-parameter-names-2.11.3.jar;C:\Users\pjaya\.m2\repository\org\springframework\boot\spring-boot-starter-tomcat\2.4.1\spring-boot-starter-tomcat-2.4.1.jar;C:\Users\pjaya\.m2\repository\org\apache\tomcat\embed\tomcat-embed-core\9.0.41\tomcat-embed-core-9.0.41.jar;C:\Users\pjaya\.m2\repository\org\glassfish\jakarta.el\3.0.3\jakarta.el-3.0.3.jar;C:\Users\pjaya\.m2\repository\org\apache\tomcat\embed\tomcat-embed-websocket\9.0.41\tomcat-embed-websocket-9.0.41.jar;C:\Users\pjaya\.m2\repository\org\springframework\spring-web\5.3.2\spring-web-5.3.2.jar;C:\Users\pjaya\.m2\repository\org\springframework\spring-beans\5.3.2\spring-beans-5.3.2.jar;C:\Users\pjaya\.m2\repository\org\springframework\spring-webmvc\5.3.2\spring-webmvc-5.3.2.jar;C:\Users\pjaya\.m2\repository\org\springframework\spring-aop\5.3.2\spring-aop-5.3.2.jar;C:\Users\pjaya\.m2\repository\org\springframework\spring-context\5.3.2\spring-context-5.3.2.jar;C:\Users\pjaya\.m2\repository\org\springframework\spring-expression\5.3.2\spring-expression-5.3.2.jar;C:\Users\pjaya\.m2\repository\org\projectlombok\lombok\1.18.16\lombok-1.18.16.jar;C:\Users\pjaya\.m2\repository\org\springframework\boot\spring-boot-starter-test\2.4.1\spring-boot-starter-test-2.4.1.jar;C:\Users\pjaya\.m2\repository\org\springframework\boot\spring-boot-test\2.4.1\spring-boot-test-2.4.1.jar;C:\Users\pjaya\.m2\repository\org\springframework\boot\spring-boot-test-autoconfigure\2.4.1\spring-boot-test-autoconfigure-2.4.1.jar;C:\Users\pjaya\.m2\repository\com\jayway\jsonpath\json-path\2.4.0\json-path-2.4.0.jar;C:\Users\pjaya\.m2\repository\net\minidev\json-smart\2.3\json-smart-2.3.jar;C:\Users\pjaya\.m2\repository\net\minidev\accessors-smart\1.2\accessors-smart-1.2.jar;C:\Users\pjaya\.m2\repository\org\ow2\asm\asm\5.0.4\asm-5.0.4.jar;C:\Users\pjaya\.m2\repository\org\slf4j\slf4j-api\1.7.30\slf4j-api-1.7.30.jar;C:\Users\pjaya\.m2\repository\jakarta\xml\bind\jakarta.xml.bind-api\2.3.3\jakarta.xml.bind-api-2.3.3.jar;C:\Users\pjaya\.m2\repository\jakarta\activation\jakarta.activation-api\1.2.2\jakarta.activation-api-1.2.2.jar;C:\Users\pjaya\.m2\repository\org\assertj\assertj-core\3.18.1\assertj-core-3.18.1.jar;C:\Users\pjaya\.m2\repository\org\hamcrest\hamcrest\2.2\hamcrest-2.2.jar;C:\Users\pjaya\.m2\repository\org\junit\jupiter\junit-jupiter\5.7.0\junit-jupiter-5.7.0.jar;C:\Users\pjaya\.m2\repository\org\junit\jupiter\junit-jupiter-api\5.7.0\junit-jupiter-api-5.7.0.jar;C:\Users\pjaya\.m2\repository\org\apiguardian\apiguardian-api\1.1.0\apiguardian-api-1.1.0.jar;C:\Users\pjaya\.m2\repository\org\opentest4j\opentest4j\1.2.0\opentest4j-1.2.0.jar;C:\Users\pjaya\.m2\repository\org\junit\platform\junit-platform-commons\1.7.0\junit-platform-commons-1.7.0.jar;C:\Users\pjaya\.m2\repository\org\junit\jupiter\junit-jupiter-params\5.7.0\junit-jupiter-params-5.7.0.jar;C:\Users\pjaya\.m2\repository\org\junit\jupiter\junit-jupiter-engine\5.7.0\junit-jupiter-engine-5.7.0.jar;C:\Users\pjaya\.m2\repository\org\junit\platform\junit-platform-engine\1.7.0\junit-platform-engine-1.7.0.jar;C:\Users\pjaya\.m2\repository\org\mockito\mockito-core\3.6.28\mockito-core-3.6.28.jar;C:\Users\pjaya\.m2\repository\net\bytebuddy\byte-buddy\1.10.18\byte-buddy-1.10.18.jar;C:\Users\pjaya\.m2\repository\net\bytebuddy\byte-buddy-agent\1.10.18\byte-buddy-agent-1.10.18.jar;C:\Users\pjaya\.m2\repository\org\objenesis\objenesis\3.1\objenesis-3.1.jar;C:\Users\pjaya\.m2\repository\org\mockito\mockito-junit-jupiter\3.6.28\mockito-junit-jupiter-3.6.28.jar;C:\Users\pjaya\.m2\repository\org\skyscreamer\jsonassert\1.5.0\jsonassert-1.5.0.jar;C:\Users\pjaya\.m2\repository\com\vaadin\external\google\android-json\0.0.20131108.vaadin1\android-json-0.0.20131108.vaadin1.jar;C:\Users\pjaya\.m2\repository\org\springframework\spring-core\5.3.2\spring-core-5.3.2.jar;C:\Users\pjaya\.m2\repository\org\springframework\spring-jcl\5.3.2\spring-jcl-5.3.2.jar;C:\Users\pjaya\.m2\repository\org\springframework\spring-test\5.3.2\spring-test-5.3.2.jar;C:\Users\pjaya\.m2\repository\org\xmlunit\xmlunit-core\2.7.0\xmlunit-core-2.7.0.jar;C:\Users\pjaya\.m2\repository\com\itextpdf\itextpdf\5.5.10\itextpdf-5.5.10.jar;C:\Users\pjaya\.m2\repository\org\apache\pdfbox\pdfbox\2.0.8\pdfbox-2.0.8.jar;C:\Users\pjaya\.m2\repository\org\apache\pdfbox\fontbox\2.0.8\fontbox-2.0.8.jar;C:\Users\pjaya\.m2\repository\commons-logging\commons-logging\1.2\commons-logging-1.2.jar;C:\Users\pjaya\.m2\repository\org\bouncycastle\bcprov-jdk15on\1.56\bcprov-jdk15on-1.56.jar;"/>
    <property name="java.vm.vendor" value="Oracle Corporation"/>
    <property name="sun.arch.data.model" value="64"/>
    <property name="user.variant" value=""/>
    <property name="java.vendor.url" value="https://java.oracle.com/"/>
    <property name="user.timezone" value="Europe/London"/>
    <property name="os.name" value="Windows 10"/>
    <property name="java.vm.specification.version" value="13"/>
    <property name="sun.java.launcher" value="SUN_STANDARD"/>
    <property name="user.country" value="GB"/>
    <property name="sun.boot.library.path" value="C:\Program Files\Java\jdk-13.0.1\bin"/>
    <property name="sun.java.command" value="C:\Users\pjaya\AppData\Local\Temp\surefire876512406352731385\surefirebooter10932086192915665840.jar C:\Users\pjaya\AppData\Local\Temp\surefire876512406352731385 2020-12-28T09-18-02_883-jvmRun1 surefire8923026259145623172tmp surefire_011656491646040728944tmp"/>
    <property name="jdk.debug" value="release"/>
    <property name="surefire.test.class.path" value="C:\Users\pjaya\Dev\create_pdf\target\test-classes;C:\Users\pjaya\Dev\create_pdf\target\classes;C:\Users\pjaya\.m2\repository\org\springframework\boot\spring-boot-starter-web\2.4.1\spring-boot-starter-web-2.4.1.jar;C:\Users\pjaya\.m2\repository\org\springframework\boot\spring-boot-starter\2.4.1\spring-boot-starter-2.4.1.jar;C:\Users\pjaya\.m2\repository\org\springframework\boot\spring-boot\2.4.1\spring-boot-2.4.1.jar;C:\Users\pjaya\.m2\repository\org\springframework\boot\spring-boot-autoconfigure\2.4.1\spring-boot-autoconfigure-2.4.1.jar;C:\Users\pjaya\.m2\repository\org\springframework\boot\spring-boot-starter-logging\2.4.1\spring-boot-starter-logging-2.4.1.jar;C:\Users\pjaya\.m2\repository\ch\qos\logback\logback-classic\1.2.3\logback-classic-1.2.3.jar;C:\Users\pjaya\.m2\repository\ch\qos\logback\logback-core\1.2.3\logback-core-1.2.3.jar;C:\Users\pjaya\.m2\repository\org\apache\logging\log4j\log4j-to-slf4j\2.13.3\log4j-to-slf4j-2.13.3.jar;C:\Users\pjaya\.m2\repository\org\apache\logging\log4j\log4j-api\2.13.3\log4j-api-2.13.3.jar;C:\Users\pjaya\.m2\repository\org\slf4j\jul-to-slf4j\1.7.30\jul-to-slf4j-1.7.30.jar;C:\Users\pjaya\.m2\repository\jakarta\annotation\jakarta.annotation-api\1.3.5\jakarta.annotation-api-1.3.5.jar;C:\Users\pjaya\.m2\repository\org\yaml\snakeyaml\1.27\snakeyaml-1.27.jar;C:\Users\pjaya\.m2\repository\org\springframework\boot\spring-boot-starter-json\2.4.1\spring-boot-starter-json-2.4.1.jar;C:\Users\pjaya\.m2\repository\com\fasterxml\jackson\core\jackson-databind\2.11.3\jackson-databind-2.11.3.jar;C:\Users\pjaya\.m2\repository\com\fasterxml\jackson\core\jackson-annotations\2.11.3\jackson-annotations-2.11.3.jar;C:\Users\pjaya\.m2\repository\com\fasterxml\jackson\core\jackson-core\2.11.3\jackson-core-2.11.3.jar;C:\Users\pjaya\.m2\repository\com\fasterxml\jackson\datatype\jackson-datatype-jdk8\2.11.3\jackson-datatype-jdk8-2.11.3.jar;C:\Users\pjaya\.m2\repository\com\fasterxml\jackson\datatype\jackson-datatype-jsr310\2.11.3\jackson-datatype-jsr310-2.11.3.jar;C:\Users\pjaya\.m2\repository\com\fasterxml\jackson\module\jackson-module-parameter-names\2.11.3\jackson-module-parameter-names-2.11.3.jar;C:\Users\pjaya\.m2\repository\org\springframework\boot\spring-boot-starter-tomcat\2.4.1\spring-boot-starter-tomcat-2.4.1.jar;C:\Users\pjaya\.m2\repository\org\apache\tomcat\embed\tomcat-embed-core\9.0.41\tomcat-embed-core-9.0.41.jar;C:\Users\pjaya\.m2\repository\org\glassfish\jakarta.el\3.0.3\jakarta.el-3.0.3.jar;C:\Users\pjaya\.m2\repository\org\apache\tomcat\embed\tomcat-embed-websocket\9.0.41\tomcat-embed-websocket-9.0.41.jar;C:\Users\pjaya\.m2\repository\org\springframework\spring-web\5.3.2\spring-web-5.3.2.jar;C:\Users\pjaya\.m2\repository\org\springframework\spring-beans\5.3.2\spring-beans-5.3.2.jar;C:\Users\pjaya\.m2\repository\org\springframework\spring-webmvc\5.3.2\spring-webmvc-5.3.2.jar;C:\Users\pjaya\.m2\repository\org\springframework\spring-aop\5.3.2\spring-aop-5.3.2.jar;C:\Users\pjaya\.m2\repository\org\springframework\spring-context\5.3.2\spring-context-5.3.2.jar;C:\Users\pjaya\.m2\repository\org\springframework\spring-expression\5.3.2\spring-expression-5.3.2.jar;C:\Users\pjaya\.m2\repository\org\projectlombok\lombok\1.18.16\lombok-1.18.16.jar;C:\Users\pjaya\.m2\repository\org\springframework\boot\spring-boot-starter-test\2.4.1\spring-boot-starter-test-2.4.1.jar;C:\Users\pjaya\.m2\repository\org\springframework\boot\spring-boot-test\2.4.1\spring-boot-test-2.4.1.jar;C:\Users\pjaya\.m2\repository\org\springframework\boot\spring-boot-test-autoconfigure\2.4.1\spring-boot-test-autoconfigure-2.4.1.jar;C:\Users\pjaya\.m2\repository\com\jayway\jsonpath\json-path\2.4.0\json-path-2.4.0.jar;C:\Users\pjaya\.m2\repository\net\minidev\json-smart\2.3\json-smart-2.3.jar;C:\Users\pjaya\.m2\repository\net\minidev\accessors-smart\1.2\accessors-smart-1.2.jar;C:\Users\pjaya\.m2\repository\org\ow2\asm\asm\5.0.4\asm-5.0.4.jar;C:\Users\pjaya\.m2\repository\org\slf4j\slf4j-api\1.7.30\slf4j-api-1.7.30.jar;C:\Users\pjaya\.m2\repository\jakarta\xml\bind\jakarta.xml.bind-api\2.3.3\jakarta.xml.bind-api-2.3.3.jar;C:\Users\pjaya\.m2\repository\jakarta\activation\jakarta.activation-api\1.2.2\jakarta.activation-api-1.2.2.jar;C:\Users\pjaya\.m2\repository\org\assertj\assertj-core\3.18.1\assertj-core-3.18.1.jar;C:\Users\pjaya\.m2\repository\org\hamcrest\hamcrest\2.2\hamcrest-2.2.jar;C:\Users\pjaya\.m2\repository\org\junit\jupiter\junit-jupiter\5.7.0\junit-jupiter-5.7.0.jar;C:\Users\pjaya\.m2\repository\org\junit\jupiter\junit-jupiter-api\5.7.0\junit-jupiter-api-5.7.0.jar;C:\Users\pjaya\.m2\repository\org\apiguardian\apiguardian-api\1.1.0\apiguardian-api-1.1.0.jar;C:\Users\pjaya\.m2\repository\org\opentest4j\opentest4j\1.2.0\opentest4j-1.2.0.jar;C:\Users\pjaya\.m2\repository\org\junit\platform\junit-platform-commons\1.7.0\junit-platform-commons-1.7.0.jar;C:\Users\pjaya\.m2\repository\org\junit\jupiter\junit-jupiter-params\5.7.0\junit-jupiter-params-5.7.0.jar;C:\Users\pjaya\.m2\repository\org\junit\jupiter\junit-jupiter-engine\5.7.0\junit-jupiter-engine-5.7.0.jar;C:\Users\pjaya\.m2\repository\org\junit\platform\junit-platform-engine\1.7.0\junit-platform-engine-1.7.0.jar;C:\Users\pjaya\.m2\repository\org\mockito\mockito-core\3.6.28\mockito-core-3.6.28.jar;C:\Users\pjaya\.m2\repository\net\bytebuddy\byte-buddy\1.10.18\byte-buddy-1.10.18.jar;C:\Users\pjaya\.m2\repository\net\bytebuddy\byte-buddy-agent\1.10.18\byte-buddy-agent-1.10.18.jar;C:\Users\pjaya\.m2\repository\org\objenesis\objenesis\3.1\objenesis-3.1.jar;C:\Users\pjaya\.m2\repository\org\mockito\mockito-junit-jupiter\3.6.28\mockito-junit-jupiter-3.6.28.jar;C:\Users\pjaya\.m2\repository\org\skyscreamer\jsonassert\1.5.0\jsonassert-1.5.0.jar;C:\Users\pjaya\.m2\repository\com\vaadin\external\google\android-json\0.0.20131108.vaadin1\android-json-0.0.20131108.vaadin1.jar;C:\Users\pjaya\.m2\repository\org\springframework\spring-core\5.3.2\spring-core-5.3.2.jar;C:\Users\pjaya\.m2\repository\org\springframework\spring-jcl\5.3.2\spring-jcl-5.3.2.jar;C:\Users\pjaya\.m2\repository\org\springframework\spring-test\5.3.2\spring-test-5.3.2.jar;C:\Users\pjaya\.m2\repository\org\xmlunit\xmlunit-core\2.7.0\xmlunit-core-2.7.0.jar;C:\Users\pjaya\.m2\repository\com\itextpdf\itextpdf\5.5.10\itextpdf-5.5.10.jar;C:\Users\pjaya\.m2\repository\org\apache\pdfbox\pdfbox\2.0.8\pdfbox-2.0.8.jar;C:\Users\pjaya\.m2\repository\org\apache\pdfbox\fontbox\2.0.8\fontbox-2.0.8.jar;C:\Users\pjaya\.m2\repository\commons-logging\commons-logging\1.2\commons-logging-1.2.jar;C:\Users\pjaya\.m2\repository\org\bouncycastle\bcprov-jdk15on\1.56\bcprov-jdk15on-1.56.jar;"/>
    <property name="sun.cpu.endian" value="little"/>
    <property name="user.home" value="C:\Users\pjaya"/>
    <property name="user.language" value="en"/>
    <property name="java.specification.vendor" value="Oracle Corporation"/>
    <property name="java.version.date" value="2019-10-15"/>
    <property name="java.home" value="C:\Program Files\Java\jdk-13.0.1"/>
    <property name="file.separator" value="\"/>
    <property name="basedir" value="C:\Users\pjaya\Dev\create_pdf"/>
    <property name="java.vm.compressedOopsMode" value="32-bit"/>
    <property name="line.separator" value="&#10;"/>
    <property name="java.vm.specification.vendor" value="Oracle Corporation"/>
    <property name="java.specification.name" value="Java Platform API Specification"/>
    <property name="surefire.real.class.path" value="C:\Users\pjaya\AppData\Local\Temp\surefire876512406352731385\surefirebooter10932086192915665840.jar"/>
    <property name="user.script" value=""/>
    <property name="sun.management.compiler" value="HotSpot 64-Bit Tiered Compilers"/>
    <property name="java.runtime.version" value="13.0.1+9"/>
    <property name="user.name" value="pjaya"/>
    <property name="path.separator" value=";"/>
    <property name="os.version" value="10.0"/>
    <property name="java.runtime.name" value="Java(TM) SE Runtime Environment"/>
    <property name="file.encoding" value="Cp1252"/>
    <property name="java.vm.name" value="Java HotSpot(TM) 64-Bit Server VM"/>
    <property name="localRepository" value="C:\Users\pjaya\.m2\repository"/>
    <property name="java.vendor.url.bug" value="https://bugreport.java.com/bugreport/"/>
    <property name="java.io.tmpdir" value="C:\Users\pjaya\AppData\Local\Temp\"/>
    <property name="idea.version" value="2020.3"/>
    <property name="java.version" value="13.0.1"/>
    <property name="user.dir" value="C:\Users\pjaya\Dev\create_pdf"/>
    <property name="os.arch" value="amd64"/>
    <property name="java.vm.specification.name" value="Java Virtual Machine Specification"/>
    <property name="sun.os.patch.level" value=""/>
    <property name="java.library.path" value="C:\Program Files\Java\jdk-13.0.1\bin;C:\WINDOWS\Sun\Java\bin;C:\WINDOWS\system32;C:\WINDOWS;C:\Program Files (x86)\Common Files\Oracle\Java\javapath;C:\WINDOWS\system32;C:\WINDOWS;C:\WINDOWS\System32\Wbem;C:\WINDOWS\System32\WindowsPowerShell\v1.0\;C:\WINDOWS\System32\OpenSSH\;C:\opt\apache-maven-3.6.3\bin;C:\Program Files\Java\jdk-13.0.1\bin;C:\Program Files\Git\cmd;C:\Program Files\MySQL\MySQL Server 8.0\bin;C:\Program Files\nodejs\;C:\Users\pjaya\AppData\Local\Microsoft\WindowsApps;C:\Users\pjaya\AppData\Local\Programs\Microsoft VS Code\bin;C:\Users\pjaya\AppData\Roaming\npm;C:\Program Files\MongoDB\Server\4.4\bin;;."/>
    <property name="java.vm.info" value="mixed mode, sharing"/>
    <property name="java.vendor" value="Oracle Corporation"/>
    <property name="java.vm.version" value="13.0.1+9"/>
    <property name="sun.io.unicode.encoding" value="UnicodeLittle"/>
    <property name="java.class.version" value="57.0"/>
  </properties>
  <testcase name="contextLoads" classname="com.importexport.demo.DemoApplicationTests" time="0.82"/>
</testsuite>